<?xml version="1.0" encoding="UTF-8"?>
<!-- Generated by org.testng.reporters.JUnitReportReporter -->
<testsuite hostname="DESKTOP-EOVDTGR" failures="0" tests="3" name="rahulshettyacademy.Tests.StandaloneTest2" time="33.187" errors="0" timestamp="2024-03-16T11:29:29 IST" skipped="0">
  <testcase classname="rahulshettyacademy.Tests.StandaloneTest2" name="orderconfirmation" time="2.973"/>
  <testcase classname="rahulshettyacademy.Tests.StandaloneTest2" name="submitorder" time="13.154"/>
  <testcase classname="rahulshettyacademy.Tests.StandaloneTest2" name="submitorder" time="17.060"/>
</testsuite> <!-- rahulshettyacademy.Tests.StandaloneTest2 -->
