<?xml version="1.0" encoding="UTF-8"?>
<!-- Generated by org.testng.reporters.JUnitReportReporter -->
<testsuite hostname="DESKTOP-EOVDTGR" failures="0" tests="3" name="rahulshettyacademy.Tests.StandaloneTest2" time="52.856" errors="0" timestamp="2024-03-16T14:23:52 IST" skipped="0">
  <testcase classname="rahulshettyacademy.Tests.StandaloneTest2" name="orderconfirmation" time="21.070"/>
  <testcase classname="rahulshettyacademy.Tests.StandaloneTest2" name="submitorder" time="17.815"/>
  <testcase classname="rahulshettyacademy.Tests.StandaloneTest2" name="submitorder" time="13.971"/>
</testsuite> <!-- rahulshettyacademy.Tests.StandaloneTest2 -->
